#
# A fatal error has been detected by the Java Runtime Environment:
#
#  EXCEPTION_ACCESS_VIOLATION (0xc0000005) at pc=0x00007ffb6ff5bbb9, pid=6484, tid=8372
#
# JRE version: Java(TM) SE Runtime Environment (12.0+33) (build 12+33)
# Java VM: Java HotSpot(TM) 64-Bit Server VM (12+33, mixed mode, sharing, tiered, compressed oops, g1 gc, windows-amd64)
# Problematic frame:
# V  [jvm.dll+0x6cbbb9]
#
# No core dump will be written. Minidumps are not enabled by default on client versions of Windows
#
# If you would like to submit a bug report, please visit:
#   http://bugreport.java.com/bugreport/crash.jsp
#

---------------  S U M M A R Y ------------

Command Line: -Dcom.sun.management.jmxremote -Dcom.sun.management.jmxremote.port=54492 -Dcom.sun.management.jmxremote.authenticate=false -Dcom.sun.management.jmxremote.ssl=false -Djava.rmi.server.hostname=localhost -Dspring.jmx.enabled=true -Dspring.application.admin.enabled=true -Xverify:none -XX:TieredStopAtLevel=1 -Dfile.encoding=Cp1250 com.ziola.shelter.ShelterApplication --spring.output.ansi.enabled=always

Host: Intel(R) Core(TM) i5-6300HQ CPU @ 2.30GHz, 4 cores, 7G,  Windows 10 , 64 bit Build 17763 (10.0.17763.437)
Time: Sat May  4 14:16:05 2019 ?rodkowoeuropejski czas letni elapsed time: 1 seconds (0d 0h 0m 1s)

---------------  T H R E A D  ---------------

Current thread (0x000001dd7dd3f800):  WatcherThread [stack: 0x000000a580700000,0x000000a580800000] [id=8372]

Stack: [0x000000a580700000,0x000000a580800000],  sp=0x000000a5807ff720,  free space=1021k
Native frames: (J=compiled Java code, j=interpreted, Vv=VM code, C=native code)
V  [jvm.dll+0x6cbbb9]
V  [jvm.dll+0x71b0dd]
V  [jvm.dll+0x74f809]
V  [jvm.dll+0x748648]
V  [jvm.dll+0x638566]
C  [ucrtbase.dll+0x21ffa]
C  [KERNEL32.DLL+0x17974]
C  [ntdll.dll+0x6a271]


siginfo: EXCEPTION_ACCESS_VIOLATION (0xc0000005), reading address 0x0000000c0000000b


Register to memory mapping:

RIP=0x00007ffb6ff5bbb9 jvm.dll
RAX=0x000001dd7dc6dbb0 points into unknown readable memory: 0b 00 00 00 0c 00 00 00
RBX=0x0 is NULL
RCX=0x0000000c0000000b is an unknown value
RDX=0x0000000000000032 is an unknown value
RSP=0x000000a5807ff720 points into unknown readable memory: 00 f8 d3 7d dd 01 00 00
RBP=0x0000000000000002 is an unknown value
RSI=0x000001dd7dc6dbd0 points into unknown readable memory: e0 36 ce 7d dd 01 00 00
RDI=0x0 is NULL
R8 =0x0 is NULL
R9 =0x000001dd66670b80 is at begin+0 in a stub
StubRoutines::atomic_cmpxchg_long [0x000001dd66670b80, 0x000001dd66670b89[ (9 bytes)
R10=0x00000000546c6148 is an unknown value
R11=0x0000004ec4e303cb is an unknown value
R12=0x0 is NULL
R13=0x000001dd7dd3f800 points into unknown readable memory: 50 19 18 70 fb 7f 00 00
R14=0x0000000000000032 is an unknown value
R15=0x000001dd7d19f070 points into unknown readable memory: 00 00 00 00 00 00 00 00


Registers:
RAX=0x000001dd7dc6dbb0, RBX=0x0000000000000000, RCX=0x0000000c0000000b, RDX=0x0000000000000032
RSP=0x000000a5807ff720, RBP=0x0000000000000002, RSI=0x000001dd7dc6dbd0, RDI=0x0000000000000000
R8 =0x0000000000000000, R9 =0x000001dd66670b80, R10=0x00000000546c6148, R11=0x0000004ec4e303cb
R12=0x0000000000000000, R13=0x000001dd7dd3f800, R14=0x0000000000000032, R15=0x000001dd7d19f070
RIP=0x00007ffb6ff5bbb9, EFLAGS=0x0000000000010202

Top of Stack: (sp=0x000000a5807ff720)
0x000000a5807ff720:   000001dd7dd3f800 000001dd7dd3f800
0x000000a5807ff730:   00003decd01af770 00007ffb6fe9dd79
0x000000a5807ff740:   00007ffb7034eae8 00007ffb6ffab0dd
0x000000a5807ff750:   0000000000000001 000001dd5e28e690
0x000000a5807ff760:   000001dd5e28e690 431bde82d7b634db
0x000000a5807ff770:   000001dd7d19f070 00003decd01af770
0x000000a5807ff780:   000001dd5e28e690 00007ffb6ffdf809
0x000000a5807ff790:   0000000000000001 0000000000000032
0x000000a5807ff7a0:   0000000000000032 0000000000000002
0x000000a5807ff7b0:   000000a5807ff850 0000000000000000
0x000000a5807ff7c0:   00007ffbad3b0000 00007ffb6fc5f47e
0x000000a5807ff7d0:   0000000000000000 00007ffbad3b0000
0x000000a5807ff7e0:   0000000000000000 000000a5ff0ff000
0x000000a5807ff7f0:   000001dd7dd3f800 0000000000000000
0x000000a5807ff800:   0000000000100000 000000a5807ffc50
0x000000a5807ff810:   000000a580700000 00007ffb6ffd8648 

Instructions: (pc=0x00007ffb6ff5bbb9)
0x00007ffb6ff5bb99:   20 48 8b 35 df 0c 3e 00 33 db 48 8b 06 39 18 7e
0x00007ffb6ff5bba9:   27 48 89 7c 24 30 8b fb 48 8b 40 18 48 8b 0c 07
0x00007ffb6ff5bbb9:   48 8b 01 ff 50 08 48 8b 06 48 8d 7f 08 ff c3 3b
0x00007ffb6ff5bbc9:   18 7c e5 48 8b 7c 24 30 48 8b 5c 24 38 48 83 c4 


Stack slot to memory mapping:
stack at sp + 0 slots: 0x000001dd7dd3f800 points into unknown readable memory: 50 19 18 70 fb 7f 00 00
stack at sp + 1 slots: 0x000001dd7dd3f800 points into unknown readable memory: 50 19 18 70 fb 7f 00 00
stack at sp + 2 slots: 0x00003decd01af770 is an unknown value
stack at sp + 3 slots: 0x00007ffb6fe9dd79 jvm.dll
stack at sp + 4 slots: 0x00007ffb7034eae8 jvm.dll
stack at sp + 5 slots: 0x00007ffb6ffab0dd jvm.dll
stack at sp + 6 slots: 0x0000000000000001 is an unknown value
stack at sp + 7 slots: 0x000001dd5e28e690 points into unknown readable memory: 01 00 00 00 00 00 00 00


---------------  P R O C E S S  ---------------

Threads class SMR info:
_java_thread_list=0x000001dd7dce3590, length=12, elements={
0x000001dd5e28f000, 0x000001dd7c629800, 0x000001dd7c633800, 0x000001dd7c64a000,
0x000001dd7c64b800, 0x000001dd7c650000, 0x000001dd7c662000, 0x000001dd7c66e800,
0x000001dd7d13c800, 0x000001dd7dd08000, 0x000001dd7dd09000, 0x000001dd7dd03800
}

Java Threads: ( => current thread )
  0x000001dd5e28f000 JavaThread "main" [_thread_in_vm, id=14080, stack(0x000000a5ff300000,0x000000a5ff400000)]
  0x000001dd7c629800 JavaThread "Reference Handler" daemon [_thread_blocked, id=19084, stack(0x000000a5ffa00000,0x000000a5ffb00000)]
  0x000001dd7c633800 JavaThread "Finalizer" daemon [_thread_blocked, id=8784, stack(0x000000a5ffb00000,0x000000a5ffc00000)]
  0x000001dd7c64a000 JavaThread "Signal Dispatcher" daemon [_thread_blocked, id=16988, stack(0x000000a5ffc00000,0x000000a5ffd00000)]
  0x000001dd7c64b800 JavaThread "Attach Listener" daemon [_thread_blocked, id=11320, stack(0x000000a5ffd00000,0x000000a5ffe00000)]
  0x000001dd7c650000 JavaThread "C1 CompilerThread0" daemon [_thread_blocked, id=18984, stack(0x000000a5ffe00000,0x000000a5fff00000)]
  0x000001dd7c662000 JavaThread "Sweeper thread" daemon [_thread_blocked, id=17992, stack(0x000000a5fff00000,0x000000a600000000)]
  0x000001dd7c66e800 JavaThread "Common-Cleaner" daemon [_thread_blocked, id=7188, stack(0x000000a580000000,0x000000a580100000)]
  0x000001dd7d13c800 JavaThread "Service Thread" daemon [_thread_blocked, id=1328, stack(0x000000a580100000,0x000000a580200000)]
  0x000001dd7dd08000 JavaThread "RMI TCP Accept-0" daemon [_thread_in_native, id=19628, stack(0x000000a580400000,0x000000a580500000)]
  0x000001dd7dd09000 JavaThread "RMI TCP Accept-54492" daemon [_thread_in_native, id=11528, stack(0x000000a580500000,0x000000a580600000)]
  0x000001dd7dd03800 JavaThread "RMI TCP Accept-0" daemon [_thread_in_native, id=7904, stack(0x000000a580600000,0x000000a580700000)]

Other Threads:
  0x000001dd7c625000 VMThread "VM Thread" [stack: 0x000000a5ff900000,0x000000a5ffa00000] [id=20432]
=>0x000001dd7dd3f800 WatcherThread [stack: 0x000000a580700000,0x000000a580800000] [id=8372]
  0x000001dd5e2d0800 GCTaskThread "GC Thread#0" [stack: 0x000000a5ff400000,0x000000a5ff500000] [id=11516]
  0x000001dd7da0d800 GCTaskThread "GC Thread#1" [stack: 0x000000a580200000,0x000000a580300000] [id=1344]
  0x000001dd7da0e000 GCTaskThread "GC Thread#2" [stack: 0x000000a580300000,0x000000a580400000] [id=20164]
  0x000001dd5e2de000 ConcurrentGCThread "G1 Main Marker" [stack: 0x000000a5ff500000,0x000000a5ff600000] [id=20272]
  0x000001dd5e2e2000 ConcurrentGCThread "G1 Conc#0" [stack: 0x000000a5ff600000,0x000000a5ff700000] [id=15732]
  0x000001dd7c4a4800 ConcurrentGCThread "G1 Refine#0" [stack: 0x000000a5ff700000,0x000000a5ff800000] [id=19436]
  0x000001dd7c4a6800 ConcurrentGCThread "G1 Young RemSet Sampling" [stack: 0x000000a5ff800000,0x000000a5ff900000] [id=18868]

Threads with active compile tasks:
C1 CompilerThread0  1025   !   1       java.net.URL::<init> (543 bytes)

VM state:not at safepoint (normal execution)

VM Mutex/Monitor currently owned by a thread:  ([mutex/lock_event])
[0x000001dd5e28e690] PeriodicTask_lock - owner thread: 0x000001dd7dd3f800

Heap address: 0x0000000082200000, size: 2014 MB, Compressed Oops mode: 32-bit
Narrow klass base: 0x0000000800000000, Narrow klass shift: 3
Compressed class space size: 1073741824 Address: 0x00000008011a0000

Heap:
 garbage-first heap   total 129024K, used 21692K [0x0000000082200000, 0x0000000100000000)
  region size 1024K, 8 young (8192K), 1 survivors (1024K)
 Metaspace       used 4898K, capacity 5576K, committed 5632K, reserved 1056768K
  class space    used 618K, capacity 721K, committed 768K, reserved 1048576K
Heap Regions: E=young(eden), S=young(survivor), O=old, HS=humongous(starts), HC=humongous(continues), CS=collection set, F=free, A=archive, TAMS=top-at-mark-start (previous, next)
|   0|0x0000000082200000, 0x0000000082300000, 0x0000000082300000|100%|HS|  |TAMS 0x0000000082200000, 0x0000000082200000| Complete 
|   1|0x0000000082300000, 0x0000000082400000, 0x0000000082400000|100%| O|  |TAMS 0x0000000082300000, 0x0000000082300000| Untracked 
|   2|0x0000000082400000, 0x0000000082500000, 0x0000000082500000|100%| O|  |TAMS 0x0000000082400000, 0x0000000082400000| Untracked 
|   3|0x0000000082500000, 0x0000000082600000, 0x0000000082600000|100%| O|  |TAMS 0x0000000082500000, 0x0000000082500000| Untracked 
|   4|0x0000000082600000, 0x0000000082700000, 0x0000000082700000|100%| O|  |TAMS 0x0000000082600000, 0x0000000082600000| Untracked 
|   5|0x0000000082700000, 0x0000000082800000, 0x0000000082800000|100%| O|  |TAMS 0x0000000082700000, 0x0000000082700000| Untracked 
|   6|0x0000000082800000, 0x0000000082900000, 0x0000000082900000|100%| O|  |TAMS 0x0000000082800000, 0x0000000082800000| Untracked 
|   7|0x0000000082900000, 0x00000000829ffff8, 0x0000000082a00000| 99%| O|  |TAMS 0x0000000082900000, 0x0000000082900000| Untracked 
|   8|0x0000000082a00000, 0x0000000082b00000, 0x0000000082b00000|100%| O|  |TAMS 0x0000000082a00000, 0x0000000082a00000| Untracked 
|   9|0x0000000082b00000, 0x0000000082c00000, 0x0000000082c00000|100%| O|  |TAMS 0x0000000082b00000, 0x0000000082b00000| Untracked 
|  10|0x0000000082c00000, 0x0000000082d00000, 0x0000000082d00000|100%| O|  |TAMS 0x0000000082c00000, 0x0000000082c00000| Untracked 
|  11|0x0000000082d00000, 0x0000000082e00000, 0x0000000082e00000|100%| O|  |TAMS 0x0000000082d00000, 0x0000000082d00000| Untracked 
|  12|0x0000000082e00000, 0x0000000082f00000, 0x0000000082f00000|100%| O|  |TAMS 0x0000000082e00000, 0x0000000082e00000| Untracked 
|  13|0x0000000082f00000, 0x0000000083000000, 0x0000000083000000|100%| O|  |TAMS 0x0000000082f00000, 0x0000000082f00000| Untracked 
|  14|0x0000000083000000, 0x000000008302f200, 0x0000000083100000| 18%| O|  |TAMS 0x0000000083000000, 0x0000000083000000| Untracked 
|  15|0x0000000083100000, 0x0000000083100000, 0x0000000083200000|  0%| F|  |TAMS 0x0000000083100000, 0x0000000083100000| Untracked 
|  16|0x0000000083200000, 0x0000000083200000, 0x0000000083300000|  0%| F|  |TAMS 0x0000000083200000, 0x0000000083200000| Untracked 
|  17|0x0000000083300000, 0x0000000083300000, 0x0000000083400000|  0%| F|  |TAMS 0x0000000083300000, 0x0000000083300000| Untracked 
|  18|0x0000000083400000, 0x0000000083400000, 0x0000000083500000|  0%| F|  |TAMS 0x0000000083400000, 0x0000000083400000| Untracked 
|  19|0x0000000083500000, 0x0000000083500000, 0x0000000083600000|  0%| F|  |TAMS 0x0000000083500000, 0x0000000083500000| Untracked 
|  20|0x0000000083600000, 0x0000000083600000, 0x0000000083700000|  0%| F|  |TAMS 0x0000000083600000, 0x0000000083600000| Untracked 
|  21|0x0000000083700000, 0x0000000083700000, 0x0000000083800000|  0%| F|  |TAMS 0x0000000083700000, 0x0000000083700000| Untracked 
|  22|0x0000000083800000, 0x0000000083800000, 0x0000000083900000|  0%| F|  |TAMS 0x0000000083800000, 0x0000000083800000| Untracked 
|  23|0x0000000083900000, 0x0000000083900000, 0x0000000083a00000|  0%| F|  |TAMS 0x0000000083900000, 0x0000000083900000| Untracked 
|  24|0x0000000083a00000, 0x0000000083a00000, 0x0000000083b00000|  0%| F|  |TAMS 0x0000000083a00000, 0x0000000083a00000| Untracked 
|  25|0x0000000083b00000, 0x0000000083b00000, 0x0000000083c00000|  0%| F|  |TAMS 0x0000000083b00000, 0x0000000083b00000| Untracked 
|  26|0x0000000083c00000, 0x0000000083c00000, 0x0000000083d00000|  0%| F|  |TAMS 0x0000000083c00000, 0x0000000083c00000| Untracked 
|  27|0x0000000083d00000, 0x0000000083d00000, 0x0000000083e00000|  0%| F|  |TAMS 0x0000000083d00000, 0x0000000083d00000| Untracked 
|  28|0x0000000083e00000, 0x0000000083e00000, 0x0000000083f00000|  0%| F|  |TAMS 0x0000000083e00000, 0x0000000083e00000| Untracked 
|  29|0x0000000083f00000, 0x0000000083f00000, 0x0000000084000000|  0%| F|  |TAMS 0x0000000083f00000, 0x0000000083f00000| Untracked 
|  30|0x0000000084000000, 0x0000000084000000, 0x0000000084100000|  0%| F|  |TAMS 0x0000000084000000, 0x0000000084000000| Untracked 
|  31|0x0000000084100000, 0x0000000084100000, 0x0000000084200000|  0%| F|  |TAMS 0x0000000084100000, 0x0000000084100000| Untracked 
|  32|0x0000000084200000, 0x0000000084200000, 0x0000000084300000|  0%| F|  |TAMS 0x0000000084200000, 0x0000000084200000| Untracked 
|  33|0x0000000084300000, 0x0000000084300000, 0x0000000084400000|  0%| F|  |TAMS 0x0000000084300000, 0x0000000084300000| Untracked 
|  34|0x0000000084400000, 0x0000000084400000, 0x0000000084500000|  0%| F|  |TAMS 0x0000000084400000, 0x0000000084400000| Untracked 
|  35|0x0000000084500000, 0x0000000084500000, 0x0000000084600000|  0%| F|  |TAMS 0x0000000084500000, 0x0000000084500000| Untracked 
|  36|0x0000000084600000, 0x0000000084600000, 0x0000000084700000|  0%| F|  |TAMS 0x0000000084600000, 0x0000000084600000| Untracked 
|  37|0x0000000084700000, 0x0000000084700000, 0x0000000084800000|  0%| F|  |TAMS 0x0000000084700000, 0x0000000084700000| Untracked 
|  38|0x0000000084800000, 0x0000000084800000, 0x0000000084900000|  0%| F|  |TAMS 0x0000000084800000, 0x0000000084800000| Untracked 
|  39|0x0000000084900000, 0x0000000084900000, 0x0000000084a00000|  0%| F|  |TAMS 0x0000000084900000, 0x0000000084900000| Untracked 
|  40|0x0000000084a00000, 0x0000000084a00000, 0x0000000084b00000|  0%| F|  |TAMS 0x0000000084a00000, 0x0000000084a00000| Untracked 
|  41|0x0000000084b00000, 0x0000000084b00000, 0x0000000084c00000|  0%| F|  |TAMS 0x0000000084b00000, 0x0000000084b00000| Untracked 
|  42|0x0000000084c00000, 0x0000000084c00000, 0x0000000084d00000|  0%| F|  |TAMS 0x0000000084c00000, 0x0000000084c00000| Untracked 
|  43|0x0000000084d00000, 0x0000000084d00000, 0x0000000084e00000|  0%| F|  |TAMS 0x0000000084d00000, 0x0000000084d00000| Untracked 
|  44|0x0000000084e00000, 0x0000000084e00000, 0x0000000084f00000|  0%| F|  |TAMS 0x0000000084e00000, 0x0000000084e00000| Untracked 
|  45|0x0000000084f00000, 0x0000000084f00000, 0x0000000085000000|  0%| F|  |TAMS 0x0000000084f00000, 0x0000000084f00000| Untracked 
|  46|0x0000000085000000, 0x0000000085000000, 0x0000000085100000|  0%| F|  |TAMS 0x0000000085000000, 0x0000000085000000| Untracked 
|  47|0x0000000085100000, 0x0000000085100000, 0x0000000085200000|  0%| F|  |TAMS 0x0000000085100000, 0x0000000085100000| Untracked 
|  48|0x0000000085200000, 0x0000000085200000, 0x0000000085300000|  0%| F|  |TAMS 0x0000000085200000, 0x0000000085200000| Untracked 
|  49|0x0000000085300000, 0x0000000085300000, 0x0000000085400000|  0%| F|  |TAMS 0x0000000085300000, 0x0000000085300000| Untracked 
|  50|0x0000000085400000, 0x0000000085400000, 0x0000000085500000|  0%| F|  |TAMS 0x0000000085400000, 0x0000000085400000| Untracked 
|  51|0x0000000085500000, 0x0000000085500000, 0x0000000085600000|  0%| F|  |TAMS 0x0000000085500000, 0x0000000085500000| Untracked 
|  52|0x0000000085600000, 0x0000000085600000, 0x0000000085700000|  0%| F|  |TAMS 0x0000000085600000, 0x0000000085600000| Untracked 
|  53|0x0000000085700000, 0x0000000085700000, 0x0000000085800000|  0%| F|  |TAMS 0x0000000085700000, 0x0000000085700000| Untracked 
|  54|0x0000000085800000, 0x0000000085800000, 0x0000000085900000|  0%| F|  |TAMS 0x0000000085800000, 0x0000000085800000| Untracked 
|  55|0x0000000085900000, 0x0000000085900000, 0x0000000085a00000|  0%| F|  |TAMS 0x0000000085900000, 0x0000000085900000| Untracked 
|  56|0x0000000085a00000, 0x0000000085a00000, 0x0000000085b00000|  0%| F|  |TAMS 0x0000000085a00000, 0x0000000085a00000| Untracked 
|  57|0x0000000085b00000, 0x0000000085b00000, 0x0000000085c00000|  0%| F|  |TAMS 0x0000000085b00000, 0x0000000085b00000| Untracked 
|  58|0x0000000085c00000, 0x0000000085c00000, 0x0000000085d00000|  0%| F|  |TAMS 0x0000000085c00000, 0x0000000085c00000| Untracked 
|  59|0x0000000085d00000, 0x0000000085d00000, 0x0000000085e00000|  0%| F|  |TAMS 0x0000000085d00000, 0x0000000085d00000| Untracked 
|  60|0x0000000085e00000, 0x0000000085e00000, 0x0000000085f00000|  0%| F|  |TAMS 0x0000000085e00000, 0x0000000085e00000| Untracked 
|  61|0x0000000085f00000, 0x0000000085f00000, 0x0000000086000000|  0%| F|  |TAMS 0x0000000085f00000, 0x0000000085f00000| Untracked 
|  62|0x0000000086000000, 0x0000000086000000, 0x0000000086100000|  0%| F|  |TAMS 0x0000000086000000, 0x0000000086000000| Untracked 
|  63|0x0000000086100000, 0x0000000086100000, 0x0000000086200000|  0%| F|  |TAMS 0x0000000086100000, 0x0000000086100000| Untracked 
|  64|0x0000000086200000, 0x0000000086200000, 0x0000000086300000|  0%| F|  |TAMS 0x0000000086200000, 0x0000000086200000| Untracked 
|  65|0x0000000086300000, 0x0000000086300000, 0x0000000086400000|  0%| F|  |TAMS 0x0000000086300000, 0x0000000086300000| Untracked 
|  66|0x0000000086400000, 0x0000000086400000, 0x0000000086500000|  0%| F|  |TAMS 0x0000000086400000, 0x0000000086400000| Untracked 
|  67|0x0000000086500000, 0x0000000086500000, 0x0000000086600000|  0%| F|  |TAMS 0x0000000086500000, 0x0000000086500000| Untracked 
|  68|0x0000000086600000, 0x0000000086600000, 0x0000000086700000|  0%| F|  |TAMS 0x0000000086600000, 0x0000000086600000| Untracked 
|  69|0x0000000086700000, 0x0000000086700000, 0x0000000086800000|  0%| F|  |TAMS 0x0000000086700000, 0x0000000086700000| Untracked 
|  70|0x0000000086800000, 0x0000000086800000, 0x0000000086900000|  0%| F|  |TAMS 0x0000000086800000, 0x0000000086800000| Untracked 
|  71|0x0000000086900000, 0x0000000086900000, 0x0000000086a00000|  0%| F|  |TAMS 0x0000000086900000, 0x0000000086900000| Untracked 
|  72|0x0000000086a00000, 0x0000000086a00000, 0x0000000086b00000|  0%| F|  |TAMS 0x0000000086a00000, 0x0000000086a00000| Untracked 
|  73|0x0000000086b00000, 0x0000000086b00000, 0x0000000086c00000|  0%| F|  |TAMS 0x0000000086b00000, 0x0000000086b00000| Untracked 
|  74|0x0000000086c00000, 0x0000000086c00000, 0x0000000086d00000|  0%| F|  |TAMS 0x0000000086c00000, 0x0000000086c00000| Untracked 
|  75|0x0000000086d00000, 0x0000000086d00000, 0x0000000086e00000|  0%| F|  |TAMS 0x0000000086d00000, 0x0000000086d00000| Untracked 
|  76|0x0000000086e00000, 0x0000000086e00000, 0x0000000086f00000|  0%| F|  |TAMS 0x0000000086e00000, 0x0000000086e00000| Untracked 
|  77|0x0000000086f00000, 0x0000000086f00000, 0x0000000087000000|  0%| F|  |TAMS 0x0000000086f00000, 0x0000000086f00000| Untracked 
|  78|0x0000000087000000, 0x0000000087000000, 0x0000000087100000|  0%| F|  |TAMS 0x0000000087000000, 0x0000000087000000| Untracked 
|  79|0x0000000087100000, 0x0000000087100000, 0x0000000087200000|  0%| F|  |TAMS 0x0000000087100000, 0x0000000087100000| Untracked 
|  80|0x0000000087200000, 0x0000000087200000, 0x0000000087300000|  0%| F|  |TAMS 0x0000000087200000, 0x0000000087200000| Untracked 
|  81|0x0000000087300000, 0x0000000087300000, 0x0000000087400000|  0%| F|  |TAMS 0x0000000087300000, 0x0000000087300000| Untracked 
|  82|0x0000000087400000, 0x0000000087400000, 0x0000000087500000|  0%| F|  |TAMS 0x0000000087400000, 0x0000000087400000| Untracked 
|  83|0x0000000087500000, 0x0000000087500000, 0x0000000087600000|  0%| F|  |TAMS 0x0000000087500000, 0x0000000087500000| Untracked 
|  84|0x0000000087600000, 0x0000000087600000, 0x0000000087700000|  0%| F|  |TAMS 0x0000000087600000, 0x0000000087600000| Untracked 
|  85|0x0000000087700000, 0x0000000087700000, 0x0000000087800000|  0%| F|  |TAMS 0x0000000087700000, 0x0000000087700000| Untracked 
|  86|0x0000000087800000, 0x0000000087800000, 0x0000000087900000|  0%| F|  |TAMS 0x0000000087800000, 0x0000000087800000| Untracked 
|  87|0x0000000087900000, 0x0000000087900000, 0x0000000087a00000|  0%| F|  |TAMS 0x0000000087900000, 0x0000000087900000| Untracked 
|  88|0x0000000087a00000, 0x0000000087a00000, 0x0000000087b00000|  0%| F|  |TAMS 0x0000000087a00000, 0x0000000087a00000| Untracked 
|  89|0x0000000087b00000, 0x0000000087b00000, 0x0000000087c00000|  0%| F|  |TAMS 0x0000000087b00000, 0x0000000087b00000| Untracked 
|  90|0x0000000087c00000, 0x0000000087c00000, 0x0000000087d00000|  0%| F|  |TAMS 0x0000000087c00000, 0x0000000087c00000| Untracked 
|  91|0x0000000087d00000, 0x0000000087d00000, 0x0000000087e00000|  0%| F|  |TAMS 0x0000000087d00000, 0x0000000087d00000| Untracked 
|  92|0x0000000087e00000, 0x0000000087e00000, 0x0000000087f00000|  0%| F|  |TAMS 0x0000000087e00000, 0x0000000087e00000| Untracked 
|  93|0x0000000087f00000, 0x0000000087f00000, 0x0000000088000000|  0%| F|  |TAMS 0x0000000087f00000, 0x0000000087f00000| Untracked 
|  94|0x0000000088000000, 0x0000000088000000, 0x0000000088100000|  0%| F|  |TAMS 0x0000000088000000, 0x0000000088000000| Untracked 
|  95|0x0000000088100000, 0x0000000088100000, 0x0000000088200000|  0%| F|  |TAMS 0x0000000088100000, 0x0000000088100000| Untracked 
|  96|0x0000000088200000, 0x0000000088200000, 0x0000000088300000|  0%| F|  |TAMS 0x0000000088200000, 0x0000000088200000| Untracked 
|  97|0x0000000088300000, 0x0000000088300000, 0x0000000088400000|  0%| F|  |TAMS 0x0000000088300000, 0x0000000088300000| Untracked 
|  98|0x0000000088400000, 0x0000000088400000, 0x0000000088500000|  0%| F|  |TAMS 0x0000000088400000, 0x0000000088400000| Untracked 
|  99|0x0000000088500000, 0x0000000088500000, 0x0000000088600000|  0%| F|  |TAMS 0x0000000088500000, 0x0000000088500000| Untracked 
| 100|0x0000000088600000, 0x0000000088600000, 0x0000000088700000|  0%| F|  |TAMS 0x0000000088600000, 0x0000000088600000| Untracked 
| 101|0x0000000088700000, 0x0000000088700000, 0x0000000088800000|  0%| F|  |TAMS 0x0000000088700000, 0x0000000088700000| Untracked 
| 102|0x0000000088800000, 0x0000000088800000, 0x0000000088900000|  0%| F|  |TAMS 0x0000000088800000, 0x0000000088800000| Untracked 
| 103|0x0000000088900000, 0x0000000088900000, 0x0000000088a00000|  0%| F|  |TAMS 0x0000000088900000, 0x0000000088900000| Untracked 
| 104|0x0000000088a00000, 0x0000000088a00000, 0x0000000088b00000|  0%| F|  |TAMS 0x0000000088a00000, 0x0000000088a00000| Untracked 
| 105|0x0000000088b00000, 0x0000000088b00000, 0x0000000088c00000|  0%| F|  |TAMS 0x0000000088b00000, 0x0000000088b00000| Untracked 
| 106|0x0000000088c00000, 0x0000000088c00000, 0x0000000088d00000|  0%| F|  |TAMS 0x0000000088c00000, 0x0000000088c00000| Untracked 
| 107|0x0000000088d00000, 0x0000000088d00000, 0x0000000088e00000|  0%| F|  |TAMS 0x0000000088d00000, 0x0000000088d00000| Untracked 
| 108|0x0000000088e00000, 0x0000000088e00000, 0x0000000088f00000|  0%| F|  |TAMS 0x0000000088e00000, 0x0000000088e00000| Untracked 
| 109|0x0000000088f00000, 0x0000000088f00000, 0x0000000089000000|  0%| F|  |TAMS 0x0000000088f00000, 0x0000000088f00000| Untracked 
| 110|0x0000000089000000, 0x0000000089000000, 0x0000000089100000|  0%| F|  |TAMS 0x0000000089000000, 0x0000000089000000| Untracked 
| 111|0x0000000089100000, 0x0000000089100000, 0x0000000089200000|  0%| F|  |TAMS 0x0000000089100000, 0x0000000089100000| Untracked 
| 112|0x0000000089200000, 0x0000000089200000, 0x0000000089300000|  0%| F|  |TAMS 0x0000000089200000, 0x0000000089200000| Untracked 
| 113|0x0000000089300000, 0x0000000089300000, 0x0000000089400000|  0%| F|  |TAMS 0x0000000089300000, 0x0000000089300000| Untracked 
| 114|0x0000000089400000, 0x0000000089400000, 0x0000000089500000|  0%| F|  |TAMS 0x0000000089400000, 0x0000000089400000| Untracked 
| 115|0x0000000089500000, 0x0000000089500000, 0x0000000089600000|  0%| F|  |TAMS 0x0000000089500000, 0x0000000089500000| Untracked 
| 116|0x0000000089600000, 0x0000000089600000, 0x0000000089700000|  0%| F|  |TAMS 0x0000000089600000, 0x0000000089600000| Untracked 
| 117|0x0000000089700000, 0x0000000089700000, 0x0000000089800000|  0%| F|  |TAMS 0x0000000089700000, 0x0000000089700000| Untracked 
| 118|0x0000000089800000, 0x0000000089900000, 0x0000000089900000|100%| E|  |TAMS 0x0000000089800000, 0x0000000089800000| Complete 
| 119|0x0000000089900000, 0x0000000089a00000, 0x0000000089a00000|100%| E|CS|TAMS 0x0000000089900000, 0x0000000089900000| Complete 
| 120|0x0000000089a00000, 0x0000000089b00000, 0x0000000089b00000|100%| S|CS|TAMS 0x0000000089a00000, 0x0000000089a00000| Complete 
| 121|0x0000000089b00000, 0x0000000089c00000, 0x0000000089c00000|100%| E|CS|TAMS 0x0000000089b00000, 0x0000000089b00000| Complete 
| 122|0x0000000089c00000, 0x0000000089d00000, 0x0000000089d00000|100%| E|CS|TAMS 0x0000000089c00000, 0x0000000089c00000| Complete 
| 123|0x0000000089d00000, 0x0000000089e00000, 0x0000000089e00000|100%| E|CS|TAMS 0x0000000089d00000, 0x0000000089d00000| Complete 
| 124|0x0000000089e00000, 0x0000000089f00000, 0x0000000089f00000|100%| E|CS|TAMS 0x0000000089e00000, 0x0000000089e00000| Complete 
| 125|0x0000000089f00000, 0x000000008a000000, 0x000000008a000000|100%| E|CS|TAMS 0x0000000089f00000, 0x0000000089f00000| Complete 

Card table byte_map: [0x000001dd75a60000,0x000001dd75e50000] _byte_map_base: 0x000001dd7564f000

Marking Bits (Prev, Next): (CMBitMap*) 0x000001dd5e2d1918, (CMBitMap*) 0x000001dd5e2d1958
 Prev Bits: [0x000001dd76240000, 0x000001dd781b8000)
 Next Bits: [0x000001dd781c0000, 0x000001dd7a138000)

Polling page: 0x000001dd5da40000

Metaspace:

Usage:
  Non-class:      4.74 MB capacity,     4.19 MB ( 88%) used,   547.94 KB ( 11%) free+waste,    18.63 KB ( <1%) overhead. 
      Class:    721.00 KB capacity,   618.34 KB ( 86%) used,    91.79 KB ( 13%) free+waste,    10.88 KB (  2%) overhead. 
       Both:      5.45 MB capacity,     4.79 MB ( 88%) used,   639.73 KB ( 11%) free+waste,    29.50 KB ( <1%) overhead. 

Virtual space:
  Non-class space:        8.00 MB reserved,       4.75 MB ( 59%) committed 
      Class space:        1.00 GB reserved,     768.00 KB ( <1%) committed 
             Both:        1.01 GB reserved,       5.50 MB ( <1%) committed 

Chunk freelists:
   Non-Class:  1.13 KB
       Class:  1.88 KB
        Both:  3.00 KB

CodeHeap 'non-profiled nmethods': size=238912Kb used=1496Kb max_used=1496Kb free=237415Kb
 bounds [0x000001dd66d20000, 0x000001dd66f90000, 0x000001dd75670000]
CodeHeap 'non-nmethods': size=6848Kb used=1121Kb max_used=1121Kb free=5726Kb
 bounds [0x000001dd66670000, 0x000001dd668e0000, 0x000001dd66d20000]
 total_blobs=1467 nmethods=1026 adapters=352
 compilation: enabled
              stopped_count=0, restarted_count=0
 full_count=0

Compilation events (10 events):
Event: 1.127 Thread 0x000001dd7c650000  985       1       java.io.StreamTokenizer::nextToken (1268 bytes)
Event: 1.129 Thread 0x000001dd7c650000 nmethod 985 0x000001dd66e79990 code [0x000001dd66e79dc0, 0x000001dd66e7b3f0]
Event: 1.129 Thread 0x000001dd7c650000  982       1       java.lang.String::equalsIgnoreCase (45 bytes)
Event: 1.129 Thread 0x000001dd7c650000 nmethod 982 0x000001dd66e7be90 code [0x000001dd66e7c060, 0x000001dd66e7c250]
Event: 1.129 Thread 0x000001dd7c650000  983       1       java.lang.String::regionMatches (150 bytes)
Event: 1.129 Thread 0x000001dd7c650000 nmethod 983 0x000001dd66e7c390 code [0x000001dd66e7c580, 0x000001dd66e7c8d0]
Event: 1.129 Thread 0x000001dd7c650000  986       1       sun.security.provider.PolicyParser::peek (177 bytes)
Event: 1.130 Thread 0x000001dd7c650000 nmethod 986 0x000001dd66e7ca90 code [0x000001dd66e7ccc0, 0x000001dd66e7d050]
Event: 1.130 Thread 0x000001dd7c650000  987       1       sun.security.provider.PolicyParser::match (766 bytes)
Event: 1.131 Thread 0x000001dd7c650000 nmethod 987 0x000001dd66e7d290 code [0x000001dd66e7d800, 0x000001dd66e7f050]

GC Heap History (4 events):
Event: 0.546 GC heap before
{Heap before GC invocations=0 (full 0):
 garbage-first heap   total 129024K, used 14336K [0x0000000082200000, 0x0000000100000000)
  region size 1024K, 14 young (14336K), 0 survivors (0K)
 Metaspace       used 478K, capacity 4518K, committed 4864K, reserved 1056768K
  class space    used 43K, capacity 399K, committed 512K, reserved 1048576K
}
Event: 0.551 GC heap after
{Heap after GC invocations=1 (full 0):
 garbage-first heap   total 129024K, used 12670K [0x0000000082200000, 0x0000000100000000)
  region size 1024K, 2 young (2048K), 2 survivors (2048K)
 Metaspace       used 478K, capacity 4518K, committed 4864K, reserved 1056768K
  class space    used 43K, capacity 399K, committed 512K, reserved 1048576K
}
Event: 0.708 GC heap before
{Heap before GC invocations=1 (full 0):
 garbage-first heap   total 129024K, used 16766K [0x0000000082200000, 0x0000000100000000)
  region size 1024K, 7 young (7168K), 2 survivors (2048K)
 Metaspace       used 2506K, capacity 4731K, committed 4864K, reserved 1056768K
  class space    used 322K, capacity 474K, committed 512K, reserved 1048576K
}
Event: 0.710 GC heap after
{Heap after GC invocations=2 (full 0):
 garbage-first heap   total 129024K, used 15548K [0x0000000082200000, 0x0000000100000000)
  region size 1024K, 1 young (1024K), 1 survivors (1024K)
 Metaspace       used 2506K, capacity 4731K, committed 4864K, reserved 1056768K
  class space    used 322K, capacity 474K, committed 512K, reserved 1048576K
}

Deoptimization events (0 events):
No events

Classes redefined (0 events):
No events

Internal exceptions (8 events):
Event: 0.605 Thread 0x000001dd5e28f000 Exception <a 'java/lang/NoSuchMethodError'{0x0000000089de84c0}: java.lang.invoke.DirectMethodHandle$Holder.invokeStaticInit(Ljava/lang/Object;Ljava/lang/Object;Ljava/lang/Object;)Ljava/lang/Object;> (0x0000000089de84c0) thrown at [t:/workspace/open/src/ho
Event: 0.608 Thread 0x000001dd5e28f000 Exception <a 'java/lang/NoSuchMethodError'{0x0000000089c02038}: java.lang.invoke.DirectMethodHandle$Holder.invokeInterface(Ljava/lang/Object;Ljava/lang/Object;)I> (0x0000000089c02038) thrown at [t:/workspace/open/src/hotspot/share/interpreter/linkResolver
Event: 0.608 Thread 0x000001dd5e28f000 Exception <a 'java/lang/IncompatibleClassChangeError'{0x0000000089c04b38}: Found class java.lang.Object, but interface was expected> (0x0000000089c04b38) thrown at [t:/workspace/open/src/hotspot/share/interpreter/linkResolver.cpp, line 843]
Event: 0.732 Thread 0x000001dd5e28f000 Exception <a 'java/lang/NoSuchMethodError'{0x0000000089f29c58}: java.lang.invoke.DirectMethodHandle$Holder.invokeSpecialIFC(Ljava/lang/Object;Ljava/lang/Object;Ljava/lang/Object;)I> (0x0000000089f29c58) thrown at [t:/workspace/open/src/hotspot/share/inter
Event: 0.752 Thread 0x000001dd5e28f000 Exception <a 'java/lang/NoSuchMethodError'{0x0000000089fbd3d8}: java.lang.invoke.DirectMethodHandle$Holder.invokeStaticInit(Ljava/lang/Object;IIII)Ljava/lang/Object;> (0x0000000089fbd3d8) thrown at [t:/workspace/open/src/hotspot/share/interpreter/linkReso
Event: 1.021 Thread 0x000001dd5e28f000 Exception <a 'java/lang/NoSuchMethodError'{0x0000000089fece48}: java.lang.invoke.DirectMethodHandle$Holder.invokeStaticInit(Ljava/lang/Object;Ljava/lang/Object;IIII)Ljava/lang/Object;> (0x0000000089fece48) thrown at [t:/workspace/open/src/hotspot/share/in
Event: 1.033 Thread 0x000001dd5e28f000 Exception <a 'java/lang/ClassNotFoundException'{0x0000000089e088a0}: javax/management/remote/rmi/RMIServerImpl_Skel> (0x0000000089e088a0) thrown at [t:/workspace/open/src/hotspot/share/classfile/systemDictionary.cpp, line 235]
Event: 1.066 Thread 0x000001dd5e28f000 Exception <a 'java/lang/ClassNotFoundException'{0x0000000089d10bb8}: jdk/internal/agent/resources/spi/agentProvider> (0x0000000089d10bb8) thrown at [t:/workspace/open/src/hotspot/share/classfile/systemDictionary.cpp, line 235]

Events (10 events):
Event: 1.124 loading class sun/security/provider/PolicyParser
Event: 1.125 loading class sun/security/provider/PolicyParser done
Event: 1.125 loading class java/io/StreamTokenizer
Event: 1.125 loading class java/io/StreamTokenizer done
Event: 1.125 loading class sun/security/provider/PolicyParser$GrantEntry
Event: 1.125 loading class sun/security/provider/PolicyParser$GrantEntry done
Event: 1.126 loading class sun/security/provider/PolicyParser$PermissionEntry
Event: 1.126 loading class sun/security/provider/PolicyParser$PermissionEntry done
Event: 1.126 loading class sun/security/util/PropertyExpander
Event: 1.126 loading class sun/security/util/PropertyExpander done


Dynamic libraries:
0x00007ff7faef0000 - 0x00007ff7faeff000 	C:\Java\jdk-12\bin\javaw.exe
0x00007ffbad3b0000 - 0x00007ffbad59d000 	C:\WINDOWS\SYSTEM32\ntdll.dll
0x00007ffb7bd70000 - 0x00007ffb7bd82000 	C:\Program Files\AVAST Software\Avast\aswhook.dll
0x00007ffbac9f0000 - 0x00007ffbacaa3000 	C:\WINDOWS\System32\KERNEL32.DLL
0x00007ffbaa000000 - 0x00007ffbaa293000 	C:\WINDOWS\System32\KERNELBASE.dll
0x00007ffba9e60000 - 0x00007ffba9f5a000 	C:\WINDOWS\System32\ucrtbase.dll
0x00007ffba0520000 - 0x00007ffba0538000 	C:\Java\jdk-12\bin\jli.dll
0x00007ffbacdd0000 - 0x00007ffbace73000 	C:\WINDOWS\System32\ADVAPI32.dll
0x00007ffbac550000 - 0x00007ffbac5ee000 	C:\WINDOWS\System32\msvcrt.dll
0x00007ffbaab90000 - 0x00007ffbaac2e000 	C:\WINDOWS\System32\sechost.dll
0x00007ffbacab0000 - 0x00007ffbacbd2000 	C:\WINDOWS\System32\RPCRT4.dll
0x00007ffbac200000 - 0x00007ffbac397000 	C:\WINDOWS\System32\USER32.dll
0x00007ffba9bd0000 - 0x00007ffba9bf0000 	C:\WINDOWS\System32\win32u.dll
0x00007ffbac1d0000 - 0x00007ffbac1f9000 	C:\WINDOWS\System32\GDI32.dll
0x00007ffbaa2a0000 - 0x00007ffbaa43a000 	C:\WINDOWS\System32\gdi32full.dll
0x00007ffba9f60000 - 0x00007ffbaa000000 	C:\WINDOWS\System32\msvcp_win.dll
0x00007ffba0120000 - 0x00007ffba0136000 	C:\Java\jdk-12\bin\VCRUNTIME140.dll
0x00007ffb9bd60000 - 0x00007ffb9bfd9000 	C:\WINDOWS\WinSxS\amd64_microsoft.windows.common-controls_6595b64144ccf1df_6.0.17763.437_none_05b63dca071e5dd6\COMCTL32.dll
0x00007ffbaa710000 - 0x00007ffbaaa3c000 	C:\WINDOWS\System32\combase.dll
0x00007ffbaa460000 - 0x00007ffbaa4de000 	C:\WINDOWS\System32\bcryptPrimitives.dll
0x00007ffba0650000 - 0x00007ffba065a000 	C:\WINDOWS\SYSTEM32\VERSION.dll
0x00007ffbac1a0000 - 0x00007ffbac1ce000 	C:\WINDOWS\System32\IMM32.DLL
0x00007ffb99c70000 - 0x00007ffb99d1a000 	C:\Java\jdk-12\bin\msvcp140.dll
0x00007ffb6f890000 - 0x00007ffb70404000 	C:\Java\jdk-12\bin\server\jvm.dll
0x00007ffbacbe0000 - 0x00007ffbacbe8000 	C:\WINDOWS\System32\PSAPI.DLL
0x00007ffb99f30000 - 0x00007ffb99f39000 	C:\WINDOWS\SYSTEM32\WSOCK32.dll
0x00007ffbac650000 - 0x00007ffbac6bd000 	C:\WINDOWS\System32\WS2_32.dll
0x00007ffba7550000 - 0x00007ffba7574000 	C:\WINDOWS\SYSTEM32\WINMM.dll
0x00007ffba7340000 - 0x00007ffba736d000 	C:\WINDOWS\SYSTEM32\WINMMBASE.dll
0x00007ffbaa4e0000 - 0x00007ffbaa52a000 	C:\WINDOWS\System32\cfgmgr32.dll
0x00007ffba9460000 - 0x00007ffba9471000 	C:\WINDOWS\System32\kernel.appcore.dll
0x00007ffb99ee0000 - 0x00007ffb99ef1000 	C:\Java\jdk-12\bin\verify.dll
0x00007ffb97c90000 - 0x00007ffb97e7d000 	C:\WINDOWS\SYSTEM32\DBGHELP.DLL
0x00007ffb97c00000 - 0x00007ffb97c2a000 	C:\WINDOWS\SYSTEM32\dbgcore.DLL
0x00007ffb92350000 - 0x00007ffb92376000 	C:\Java\jdk-12\bin\java.dll
0x00007ffb98440000 - 0x00007ffb98457000 	C:\Java\jdk-12\bin\zip.dll
0x00007ffb9d4a0000 - 0x00007ffb9d4aa000 	C:\Java\jdk-12\bin\jimage.dll
0x00007ffbaacb0000 - 0x00007ffbac1a0000 	C:\WINDOWS\System32\SHELL32.dll
0x00007ffbac940000 - 0x00007ffbac9e8000 	C:\WINDOWS\System32\shcore.dll
0x00007ffba9480000 - 0x00007ffba9bca000 	C:\WINDOWS\System32\windows.storage.dll
0x00007ffba9430000 - 0x00007ffba9454000 	C:\WINDOWS\System32\profapi.dll
0x00007ffba93b0000 - 0x00007ffba940d000 	C:\WINDOWS\System32\powrprof.dll
0x00007ffbacea0000 - 0x00007ffbacef2000 	C:\WINDOWS\System32\shlwapi.dll
0x00007ffbaa440000 - 0x00007ffbaa457000 	C:\WINDOWS\System32\cryptsp.dll
0x00007ffb95f90000 - 0x00007ffb95fa9000 	C:\Java\jdk-12\bin\net.dll
0x00007ffba3050000 - 0x00007ffba3141000 	C:\WINDOWS\SYSTEM32\WINHTTP.dll
0x00007ffb9d0b0000 - 0x00007ffb9d286000 	C:\WINDOWS\SYSTEM32\urlmon.dll
0x00007ffb9ce00000 - 0x00007ffb9d0a8000 	C:\WINDOWS\SYSTEM32\iertutil.dll
0x00007ffba8da0000 - 0x00007ffba8dac000 	C:\WINDOWS\SYSTEM32\CRYPTBASE.DLL
0x00007ffba8bd0000 - 0x00007ffba8c37000 	C:\WINDOWS\system32\mswsock.dll
0x00007ffb91b10000 - 0x00007ffb91b23000 	C:\Java\jdk-12\bin\nio.dll
0x00007ffba0670000 - 0x00007ffba0679000 	C:\Java\jdk-12\bin\management.dll
0x00007ffba0660000 - 0x00007ffba066c000 	C:\Java\jdk-12\bin\management_ext.dll
0x00007ffb929d0000 - 0x00007ffb929e6000 	C:\WINDOWS\system32\napinsp.dll
0x00007ffb929b0000 - 0x00007ffb929ca000 	C:\WINDOWS\system32\pnrpnsp.dll
0x00007ffba8970000 - 0x00007ffba8a36000 	C:\WINDOWS\SYSTEM32\DNSAPI.dll
0x00007ffbaac40000 - 0x00007ffbaac48000 	C:\WINDOWS\System32\NSI.dll
0x00007ffba8930000 - 0x00007ffba896d000 	C:\WINDOWS\SYSTEM32\IPHLPAPI.DLL
0x00007ffb92920000 - 0x00007ffb9292e000 	C:\WINDOWS\System32\winrnr.dll
0x00007ffba5c80000 - 0x00007ffba5c9b000 	C:\WINDOWS\system32\NLAapi.dll
0x00007ffb92860000 - 0x00007ffb92875000 	C:\WINDOWS\system32\wshbth.dll
0x00007ffb9ddc0000 - 0x00007ffb9ddca000 	C:\Windows\System32\rasadhlp.dll
0x00007ffb9ea50000 - 0x00007ffb9eac9000 	C:\WINDOWS\System32\fwpuclnt.dll
0x00007ffba9bf0000 - 0x00007ffba9c16000 	C:\WINDOWS\System32\bcrypt.dll
0x00007ffba8790000 - 0x00007ffba87c3000 	C:\WINDOWS\system32\rsaenh.dll
0x00007ffba92e0000 - 0x00007ffba9308000 	C:\WINDOWS\SYSTEM32\USERENV.dll
0x00007ffb9f610000 - 0x00007ffb9f626000 	C:\WINDOWS\SYSTEM32\dhcpcsvc6.DLL
0x00007ffb9f5f0000 - 0x00007ffb9f60c000 	C:\WINDOWS\SYSTEM32\dhcpcsvc.DLL

dbghelp: loaded successfully - version: 4.0.5 - missing functions: none
symbol engine: initialized successfully - sym options: 0x614 - pdb path: .;C:\Java\jdk-12\bin;C:\WINDOWS\SYSTEM32;C:\Program Files\AVAST Software\Avast;C:\WINDOWS\WinSxS\amd64_microsoft.windows.common-controls_6595b64144ccf1df_6.0.17763.437_none_05b63dca071e5dd6;C:\Java\jdk-12\bin\server

VM Arguments:
jvm_args: -Dcom.sun.management.jmxremote -Dcom.sun.management.jmxremote.port=54492 -Dcom.sun.management.jmxremote.authenticate=false -Dcom.sun.management.jmxremote.ssl=false -Djava.rmi.server.hostname=localhost -Dspring.jmx.enabled=true -Dspring.application.admin.enabled=true -Xverify:none -XX:TieredStopAtLevel=1 -Dfile.encoding=Cp1250 
java_command: com.ziola.shelter.ShelterApplication --spring.output.ansi.enabled=always
java_class_path (initial): C:\Users\Tomek\Documents\Projekty\STS\shelter\bin\main;C:\Users\Tomek\.gradle\caches\modules-2\files-2.1\org.springframework.boot\spring-boot-starter-thymeleaf\2.1.4.RELEASE\631b7593129c2f8f43df783fc7fd4a0b5edce747\spring-boot-starter-thymeleaf-2.1.4.RELEASE.jar;C:\Users\Tomek\.gradle\caches\modules-2\files-2.1\org.springframework.boot\spring-boot-starter-hateoas\2.1.4.RELEASE\df57833c289868e0f1c79434262df940ce979e30\spring-boot-starter-hateoas-2.1.4.RELEASE.jar;C:\Users\Tomek\.gradle\caches\modules-2\files-2.1\org.springframework.boot\spring-boot-starter-data-rest\2.1.4.RELEASE\1191fc25186b66d0503616e4554661df66c6942\spring-boot-starter-data-rest-2.1.4.RELEASE.jar;C:\Users\Tomek\.gradle\caches\modules-2\files-2.1\org.springframework.boot\spring-boot-starter-web\2.1.4.RELEASE\a4659d55f57421a5ef122cb670b7b544ef8190e8\spring-boot-starter-web-2.1.4.RELEASE.jar;C:\Users\Tomek\.gradle\caches\modules-2\files-2.1\org.springframework.boot\spring-boot-starter-data-jpa\2.1.2.RELEASE\43691a5ea941621098078a86fffaba97481a30ff\spring-boot-starter-data-jpa-2.1.2.RELEASE.jar;C:\Users\Tomek\.gradle\caches\modules-2\files-2.1\org.springframework.boot\spring-boot-starter-security\2.1.4.RELEASE\7f8755a11498310510c223c1b4d6fb888561f2d\spring-boot-starter-security-2.1.4.RELEASE.jar;C:\Users\Tomek\.gradle\caches\modules-2\files-2.1\org.springframework\spring-context-support\5.1.4.RELEASE\1fef39205bb1b3ff9b2c46b136be19288aa9c78a\spring-context-support-5.1.4.RELEASE.jar;C:\Users\Tomek\.gradle\caches\modules-2\files-2.1\javax.mail\mail\1.5.0-b01\c128515e42609622ce3f7dc0b431026d80bdb688\mail-1.5.0-b01.jar;C:\Users\Tomek\.gradle\caches\modules-2\files-2.1\mysql\mysql-connector-java\8.0.14\fad276a1c9d60192075a7c61676f599a14b23e2d\mysql-connector-java-8.0.14.jar;C:\Users\Tomek\.gradle\caches\modules-2\files-2.1\org.springframework.boot\spring-boot-starter-tomcat\2.1.4.RELEASE\3b0c04450d86fc29c9fdad555b4555e553a4008\spring-boot-starter-tomcat-2.1.4.RELEASE.jar;C:\User
Launcher Type: SUN_STANDARD

[Global flags]
     bool BytecodeVerificationLocal                = false                                     {product} {command line}
     bool BytecodeVerificationRemote               = false                                     {product} {command line}
     intx CICompilerCount                          = 3                                         {product} {ergonomic}
     uint ConcGCThreads                            = 1                                         {product} {ergonomic}
     uint G1ConcRefinementThreads                  = 4                                         {product} {ergonomic}
   size_t G1HeapRegionSize                         = 1048576                                   {product} {ergonomic}
    uintx GCDrainStackTargetSize                   = 64                                        {product} {ergonomic}
   size_t InitialHeapSize                          = 132120576                                 {product} {ergonomic}
     bool ManagementServer                         = true                                      {product} {command line}
   size_t MarkStackSize                            = 4194304                                   {product} {ergonomic}
   size_t MaxHeapSize                              = 2111832064                                {product} {ergonomic}
   size_t MaxNewSize                               = 1266679808                                {product} {ergonomic}
   size_t MinHeapDeltaBytes                        = 1048576                                   {product} {ergonomic}
    uintx NonNMethodCodeHeapSize                   = 6973028                                {pd product} {ergonomic}
    uintx NonProfiledCodeHeapSize                  = 244685212                              {pd product} {ergonomic}
    uintx ProfiledCodeHeapSize                     = 0                                      {pd product} {ergonomic}
    uintx ReservedCodeCacheSize                    = 251658240                              {pd product} {ergonomic}
     bool SegmentedCodeCache                       = true                                      {product} {ergonomic}
     intx TieredStopAtLevel                        = 1                                         {product} {command line}
     bool UseCompressedClassPointers               = true                                 {lp64_product} {ergonomic}
     bool UseCompressedOops                        = true                                 {lp64_product} {ergonomic}
     bool UseG1GC                                  = true                                      {product} {ergonomic}
     bool UseLargePagesIndividualAllocation        = false                                  {pd product} {ergonomic}

Logging:
Log output configuration:
 #0: stdout all=warning uptime,level,tags
 #1: stderr all=off uptime,level,tags

Environment Variables:
JAVA_HOME=C:\Java\jdk-12
PATH=C:/Java/jdk-12/bin/server;C:/Java/jdk-12/bin;C:\Program Files (x86)\Intel\iCLS Client\;C:\Program Files\Intel\iCLS Client\;C:\Windows\system32;C:\Windows;C:\Windows\System32\Wbem;C:\Windows\System32\WindowsPowerShell\v1.0\;C:\postgreSQL\pg96\bin;C:\Program Files (x86)\NVIDIA Corporation\PhysX\Common;C:\WINDOWS\system32;C:\WINDOWS;C:\WINDOWS\System32\Wbem;C:\WINDOWS\System32\WindowsPowerShell\v1.0\;C:\Program Files (x86)\Intel\Intel(R) Management Engine Components\DAL;C:\Program Files\Intel\Intel(R) Management Engine Components\DAL;C:\Program Files (x86)\Intel\Intel(R) Management Engine Components\IPT;C:\Program Files\Intel\Intel(R) Management Engine Components\IPT;C:\Program Files\MySQL\MySQL Utilities 1.6\;C:\Software\maven bin\bin;C:\Users\Tomek\AppData\Local\GitHubDesktop\bin;C:\WINDOWS\System32\OpenSSH\;C:\Gradle\bin;C:\Java\jdk-12\bin;C:\maven\bin;C:\Program Files\NVIDIA Corporation\NVIDIA NvDLISR;C:\nodejs\;;C:\WINDOWS\system32;C:\WINDOWS;C:\WINDOWS\System32\Wbem;C:\WINDOWS\System32\WindowsPowerShell\v1.0\;C:\WINDOWS\System32\OpenSSH\;C:\Users\Tomek\AppData\Local\Microsoft\WindowsApps;C:\Users\Tomek\AppData\Local\Microsoft\WindowsApps;;C:\Users\Tomek\AppData\Local\Programs\Microsoft VS Code\bin;C:\Users\Tomek\AppData\Roaming\npm;C:\Program Files\heroku\bin;C:\Users\Tomek\Desktop\spring-tool-suite-4-4.2.1.RELEASE-e4.11.0-win32.win32.x86_64\sts-4.2.1.RELEASE;
USERNAME=Tomek
OS=Windows_NT
PROCESSOR_IDENTIFIER=Intel64 Family 6 Model 94 Stepping 3, GenuineIntel



---------------  S Y S T E M  ---------------

OS: Windows 10 , 64 bit Build 17763 (10.0.17763.437)

CPU:total 4 (initial active 4) (4 cores per cpu, 1 threads per core) family 6 model 94 stepping 3, cmov, cx8, fxsr, mmx, sse, sse2, sse3, ssse3, sse4.1, sse4.2, popcnt, avx, avx2, aes, clmul, erms, rtm, 3dnowpref, lzcnt, tsc, tscinvbit, bmi1, bmi2, adx, fma

Memory: 4k page, system-wide physical 8050M (1090M free)
TotalPageFile size 38050M (AvailPageFile size 26116M)
current process WorkingSet (physical memory assigned to process): 74M, peak: 74M
current process commit charge ("private bytes"): 209M, peak: 209M

vm_info: Java HotSpot(TM) 64-Bit Server VM (12+33) for windows-amd64 JRE (12+33), built on Feb 21 2019 02:31:50 by "mach5one" with MS VC++ 15.5 (VS2017)

END.
